# JRE version: OpenJDK Runtime Environment (7.0_75-b13) (build 1.7.0_75-b13)
# Java VM: OpenJDK 64-Bit Server VM (24.75-b04 mixed mode linux-amd64 compressed oops)
Heap
 PSYoungGen      total 204288K, used 0K [0x00000000eaa80000, 0x0000000100000000, 0x0000000100000000)
  eden space 117248K, 0% used [0x00000000eaa80000,0x00000000eaa80000,0x00000000f1d00000)
  from space 87040K, 0% used [0x00000000fab00000,0x00000000fab00000,0x0000000100000000)
  to   space 116224K, 0% used [0x00000000f1d00000,0x00000000f1d00000,0x00000000f8e80000)
 ParOldGen       total 230400K, used 175424K [0x00000000c0000000, 0x00000000ce100000, 0x00000000eaa80000)
  object space 230400K, 76% used [0x00000000c0000000,0x00000000cab500d8,0x00000000ce100000)
 PSPermGen       total 21504K, used 6253K [0x00000000b5a00000, 0x00000000b6f00000, 0x00000000c0000000)
  object space 21504K, 29% used [0x00000000b5a00000,0x00000000b601b568,0x00000000b6f00000)
GC Heap History (10 events):
Event: 6,583 GC heap after
Heap after GC invocations=5 (full 0):
 PSYoungGen      total 132096K, used 5104K [0x00000000eaa80000, 0x0000000100000000, 0x0000000100000000)
  eden space 126976K, 0% used [0x00000000eaa80000,0x00000000eaa80000,0x00000000f2680000)
  from space 5120K, 99% used [0x00000000f2680000,0x00000000f2b7c038,0x00000000f2b80000)
  to   space 76800K, 0% used [0x00000000fb500000,0x00000000fb500000,0x0000000100000000)
 ParOldGen       total 120320K, used 117586K [0x00000000c0000000, 0x00000000c7580000, 0x00000000eaa80000)
  object space 120320K, 97% used [0x00000000c0000000,0x00000000c72d4aa0,0x00000000c7580000)
 PSPermGen       total 21504K, used 6235K [0x00000000b5a00000, 0x00000000b6f00000, 0x00000000c0000000)
  object space 21504K, 28% used [0x00000000b5a00000,0x00000000b6016d48,0x00000000b6f00000)
}
Event: 6,583 GC heap before
{Heap before GC invocations=6 (full 1):
 PSYoungGen      total 132096K, used 5104K [0x00000000eaa80000, 0x0000000100000000, 0x0000000100000000)
  eden space 126976K, 0% used [0x00000000eaa80000,0x00000000eaa80000,0x00000000f2680000)
  from space 5120K, 99% used [0x00000000f2680000,0x00000000f2b7c038,0x00000000f2b80000)
  to   space 76800K, 0% used [0x00000000fb500000,0x00000000fb500000,0x0000000100000000)
 ParOldGen       total 120320K, used 117586K [0x00000000c0000000, 0x00000000c7580000, 0x00000000eaa80000)
  object space 120320K, 97% used [0x00000000c0000000,0x00000000c72d4aa0,0x00000000c7580000)
 PSPermGen       total 21504K, used 6235K [0x00000000b5a00000, 0x00000000b6f00000, 0x00000000c0000000)
  object space 21504K, 28% used [0x00000000b5a00000,0x00000000b6016d48,0x00000000b6f00000)
Event: 7,276 GC heap after
Heap after GC invocations=6 (full 1):
 PSYoungGen      total 132096K, used 0K [0x00000000eaa80000, 0x0000000100000000, 0x0000000100000000)
  eden space 126976K, 0% used [0x00000000eaa80000,0x00000000eaa80000,0x00000000f2680000)
  from space 5120K, 0% used [0x00000000f2680000,0x00000000f2680000,0x00000000f2b80000)
  to   space 76800K, 0% used [0x00000000fb500000,0x00000000fb500000,0x0000000100000000)
 ParOldGen       total 230400K, used 110585K [0x00000000c0000000, 0x00000000ce100000, 0x00000000eaa80000)
  object space 230400K, 47% used [0x00000000c0000000,0x00000000c6bfe748,0x00000000ce100000)
 PSPermGen       total 21504K, used 6233K [0x00000000b5a00000, 0x00000000b6f00000, 0x00000000c0000000)
  object space 21504K, 28% used [0x00000000b5a00000,0x00000000b6016458,0x00000000b6f00000)
}
Event: 8,273 GC heap before
{Heap before GC invocations=7 (full 1):
 PSYoungGen      total 132096K, used 126976K [0x00000000eaa80000, 0x0000000100000000, 0x0000000100000000)
  eden space 126976K, 100% used [0x00000000eaa80000,0x00000000f2680000,0x00000000f2680000)
  from space 5120K, 0% used [0x00000000f2680000,0x00000000f2680000,0x00000000f2b80000)
  to   space 76800K, 0% used [0x00000000fb500000,0x00000000fb500000,0x0000000100000000)
 ParOldGen       total 230400K, used 110585K [0x00000000c0000000, 0x00000000ce100000, 0x00000000eaa80000)
  object space 230400K, 47% used [0x00000000c0000000,0x00000000c6bfe748,0x00000000ce100000)
 PSPermGen       total 21504K, used 6245K [0x00000000b5a00000, 0x00000000b6f00000, 0x00000000c0000000)
  object space 21504K, 29% used [0x00000000b5a00000,0x00000000b6019538,0x00000000b6f00000)
Event: 8,364 GC heap after
Heap after GC invocations=7 (full 1):
 PSYoungGen      total 252416K, used 41410K [0x00000000eaa80000, 0x00000000ff580000, 0x0000000100000000)
  eden space 186368K, 0% used [0x00000000eaa80000,0x00000000eaa80000,0x00000000f6080000)
  from space 66048K, 62% used [0x00000000fb500000,0x00000000fdd70ab8,0x00000000ff580000)
  to   space 76288K, 0% used [0x00000000f6080000,0x00000000f6080000,0x00000000fab00000)
 ParOldGen       total 230400K, used 110585K [0x00000000c0000000, 0x00000000ce100000, 0x00000000eaa80000)
  object space 230400K, 47% used [0x00000000c0000000,0x00000000c6bfe748,0x00000000ce100000)
 PSPermGen       total 21504K, used 6245K [0x00000000b5a00000, 0x00000000b6f00000, 0x00000000c0000000)
  object space 21504K, 29% used [0x00000000b5a00000,0x00000000b6019538,0x00000000b6f00000)
}
Event: 10,021 GC heap before
{Heap before GC invocations=8 (full 1):
 PSYoungGen      total 252416K, used 227778K [0x00000000eaa80000, 0x00000000ff580000, 0x0000000100000000)
  eden space 186368K, 100% used [0x00000000eaa80000,0x00000000f6080000,0x00000000f6080000)
  from space 66048K, 62% used [0x00000000fb500000,0x00000000fdd70ab8,0x00000000ff580000)
  to   space 76288K, 0% used [0x00000000f6080000,0x00000000f6080000,0x00000000fab00000)
 ParOldGen       total 230400K, used 110585K [0x00000000c0000000, 0x00000000ce100000, 0x00000000eaa80000)
  object space 230400K, 47% used [0x00000000c0000000,0x00000000c6bfe748,0x00000000ce100000)
 PSPermGen       total 21504K, used 6253K [0x00000000b5a00000, 0x00000000b6f00000, 0x00000000c0000000)
  object space 21504K, 29% used [0x00000000b5a00000,0x00000000b601b7d8,0x00000000b6f00000)
Event: 10,091 GC heap after
Heap after GC invocations=8 (full 1):
 PSYoungGen      total 262656K, used 76282K [0x00000000eaa80000, 0x0000000100000000, 0x0000000100000000)
  eden space 186368K, 0% used [0x00000000eaa80000,0x00000000eaa80000,0x00000000f6080000)
  from space 76288K, 99% used [0x00000000f6080000,0x00000000faafeb28,0x00000000fab00000)
  to   space 87040K, 0% used [0x00000000fab00000,0x00000000fab00000,0x0000000100000000)
 ParOldGen       total 230400K, used 139786K [0x00000000c0000000, 0x00000000ce100000, 0x00000000eaa80000)
  object space 230400K, 60% used [0x00000000c0000000,0x00000000c8882978,0x00000000ce100000)
 PSPermGen       total 21504K, used 6253K [0x00000000b5a00000, 0x00000000b6f00000, 0x00000000c0000000)
  object space 21504K, 29% used [0x00000000b5a00000,0x00000000b601b7d8,0x00000000b6f00000)
}
Event: 10,576 GC heap before
{Heap before GC invocations=9 (full 1):
 PSYoungGen      total 262656K, used 262650K [0x00000000eaa80000, 0x0000000100000000, 0x0000000100000000)
  eden space 186368K, 100% used [0x00000000eaa80000,0x00000000f6080000,0x00000000f6080000)
  from space 76288K, 99% used [0x00000000f6080000,0x00000000faafeb28,0x00000000fab00000)
  to   space 87040K, 0% used [0x00000000fab00000,0x00000000fab00000,0x0000000100000000)
 ParOldGen       total 230400K, used 139786K [0x00000000c0000000, 0x00000000ce100000, 0x00000000eaa80000)
  object space 230400K, 60% used [0x00000000c0000000,0x00000000c8882978,0x00000000ce100000)
 PSPermGen       total 21504K, used 6255K [0x00000000b5a00000, 0x00000000b6f00000, 0x00000000c0000000)
  object space 21504K, 29% used [0x00000000b5a00000,0x00000000b601bc08,0x00000000b6f00000)
Event: 10,754 GC heap after
Heap after GC invocations=9 (full 1):
 PSYoungGen      total 204288K, used 87022K [0x00000000eaa80000, 0x0000000100000000, 0x0000000100000000)
  eden space 117248K, 0% used [0x00000000eaa80000,0x00000000eaa80000,0x00000000f1d00000)
  from space 87040K, 99% used [0x00000000fab00000,0x00000000ffffb970,0x0000000100000000)
  to   space 116224K, 0% used [0x00000000f1d00000,0x00000000f1d00000,0x00000000f8e80000)
 ParOldGen       total 230400K, used 217141K [0x00000000c0000000, 0x00000000ce100000, 0x00000000eaa80000)
  object space 230400K, 94% used [0x00000000c0000000,0x00000000cd40d748,0x00000000ce100000)
 PSPermGen       total 21504K, used 6255K [0x00000000b5a00000, 0x00000000b6f00000, 0x00000000c0000000)
  object space 21504K, 29% used [0x00000000b5a00000,0x00000000b601bc08,0x00000000b6f00000)
}
Event: 10,754 GC heap before
{Heap before GC invocations=10 (full 2):
 PSYoungGen      total 204288K, used 87022K [0x00000000eaa80000, 0x0000000100000000, 0x0000000100000000)
  eden space 117248K, 0% used [0x00000000eaa80000,0x00000000eaa80000,0x00000000f1d00000)
  from space 87040K, 99% used [0x00000000fab00000,0x00000000ffffb970,0x0000000100000000)
  to   space 116224K, 0% used [0x00000000f1d00000,0x00000000f1d00000,0x00000000f8e80000)
 ParOldGen       total 230400K, used 217141K [0x00000000c0000000, 0x00000000ce100000, 0x00000000eaa80000)
  object space 230400K, 94% used [0x00000000c0000000,0x00000000cd40d748,0x00000000ce100000)
 PSPermGen       total 21504K, used 6255K [0x00000000b5a00000, 0x00000000b6f00000, 0x00000000c0000000)
  object space 21504K, 29% used [0x00000000b5a00000,0x00000000b601bc08,0x00000000b6f00000)

